Using pre-set license

 COMMAND LINE ARGUMENTS:
/Applications/Unity/Hub/Editor/2020.3.10f1/Unity.app/Contents/MacOS/Unity
-adb2
-batchMode
-noUpm
-name
AssetImportWorker0
-projectPath
/Users/buzzprogramming/Desktop/GameDev HQ/GDHQ-C-Sharp-Survival-Guide
-logFile
Logs/AssetImportWorker0.log
-srvPort
62130
Successfully changed project path to: /Users/buzzprogramming/Desktop/GameDev HQ/GDHQ-C-Sharp-Survival-Guide
/Users/buzzprogramming/Desktop/GameDev HQ/GDHQ-C-Sharp-Survival-Guide
Using Asset Import Pipeline V2.
Refreshing native plugins compatible for Editor in 25.37 ms, found 2 plugins.
Preloading 0 native plugins for Editor in 0.00 ms.
Initialize engine version: 2020.3.10f1 (297d780c91bc)
[Subsystems] Discovering subsystems at path /Applications/Unity/Hub/Editor/2020.3.10f1/Unity.app/Contents/Resources/UnitySubsystems
[Subsystems] Discovering subsystems at path /Users/buzzprogramming/Desktop/GameDev HQ/GDHQ-C-Sharp-Survival-Guide/Assets
GfxDevice: creating device client; threaded=0
2021-05-30 19:48:56.359 Unity[55596:12096020] iMac preferred device: AMD Radeon R9 M395X (high power)
2021-05-30 19:48:56.359 Unity[55596:12096020] Metal devices available: 1
2021-05-30 19:48:56.359 Unity[55596:12096020] 0: AMD Radeon R9 M395X (high power)
2021-05-30 19:48:56.359 Unity[55596:12096020] Using device AMD Radeon R9 M395X (high power)
Initializing Metal device caps: AMD Radeon R9 M395X
Initialize mono
Mono path[0] = '/Applications/Unity/Hub/Editor/2020.3.10f1/Unity.app/Contents/Managed'
Mono path[1] = '/Applications/Unity/Hub/Editor/2020.3.10f1/Unity.app/Contents/MonoBleedingEdge/lib/mono/unityjit'
Mono config path = '/Applications/Unity/Hub/Editor/2020.3.10f1/Unity.app/Contents/MonoBleedingEdge/etc'
Using monoOptions --debugger-agent=transport=dt_socket,embedding=1,server=y,suspend=n,address=127.0.0.1:56596
Begin MonoManager ReloadAssembly
Registering precompiled unity dll's ...
Register platform support module: /Applications/Unity/Hub/Editor/2020.3.10f1/PlaybackEngines/WebGLSupport/UnityEditor.WebGL.Extensions.dll
Register platform support module: /Applications/Unity/Hub/Editor/2020.3.10f1/Unity.app/Contents/PlaybackEngines/MacStandaloneSupport/UnityEditor.OSXStandalone.Extensions.dll
Registered in 0.000682 seconds.
Native extension for OSXStandalone target not found
Native extension for WebGL target not found
Refreshing native plugins compatible for Editor in 28.30 ms, found 2 plugins.
Preloading 0 native plugins for Editor in 0.00 ms.
Mono: successfully reloaded assembly
- Completed reload, in  2.021 seconds
Platform modules already initialized, skipping
Registering precompiled user dll's ...
Registered in 0.002932 seconds.
Begin MonoManager ReloadAssembly
Native extension for OSXStandalone target not found
Native extension for WebGL target not found
Refreshing native plugins compatible for Editor in 0.28 ms, found 2 plugins.
Preloading 0 native plugins for Editor in 0.00 ms.
Mono: successfully reloaded assembly
- Completed reload, in  1.179 seconds
Platform modules already initialized, skipping
========================================================================
Worker process is ready to serve import requests
Launching external process: /Applications/Unity/Hub/Editor/2020.3.10f1/Unity.app/Contents/Tools/UnityShaderCompiler
Launched and connected shader compiler UnityShaderCompiler after 0.02 seconds
Refreshing native plugins compatible for Editor in 0.27 ms, found 2 plugins.
Preloading 0 native plugins for Editor in 0.00 ms.
Unloading 1402 Unused Serialized files (Serialized files now loaded: 0)
System memory in use before: 135.3 MB.
System memory in use after: 135.4 MB.

Unloading 18 unused Assets to reduce memory usage. Loaded Objects now: 1836.
Total: 1.758664 ms (FindLiveObjects: 0.164241 ms CreateObjectMapping: 0.044111 ms MarkObjects: 1.490129 ms  DeleteObjects: 0.059402 ms)

========================================================================
Received Import Request.
  path: Assets/Scenes/Coroutines.unity
  artifactKey: Guid(83ac62e39b975459a83a64cc15a7a680) Importer(815301076,1909f56bfc062723c751e8b465ee728b)
Start importing Assets/Scenes/Coroutines.unity using Guid(83ac62e39b975459a83a64cc15a7a680) Importer(815301076,1909f56bfc062723c751e8b465ee728b)  -> (artifact id: '5a0f6ccac93bac85b5a3534f5f5c104b') in 0.010921 seconds
  Import took 0.012866 seconds .

========================================================================
Received Import Request.
  Time since last request: 0.000218 seconds.
  path: Assets/Scripts
  artifactKey: Guid(12a9e98fa7080401680fecec1b495235) Importer(815301076,1909f56bfc062723c751e8b465ee728b)
Start importing Assets/Scripts using Guid(12a9e98fa7080401680fecec1b495235) Importer(815301076,1909f56bfc062723c751e8b465ee728b)  -> (artifact id: '851a893666700e8b150607e41599702b') in 0.000961 seconds
  Import took 0.002500 seconds .

========================================================================
Received Import Request.
  Time since last request: 14.474798 seconds.
  path: Assets/Scripts/Coroutines (IEnumerator)
  artifactKey: Guid(c74aceb65fb6c474a8f923a89d295d79) Importer(815301076,1909f56bfc062723c751e8b465ee728b)
Start importing Assets/Scripts/Coroutines (IEnumerator) using Guid(c74aceb65fb6c474a8f923a89d295d79) Importer(815301076,1909f56bfc062723c751e8b465ee728b)  -> (artifact id: '1dfed2d59e94de34f40919648647fa77') in 0.002289 seconds
  Import took 0.004479 seconds .

========================================================================
Received Import Request.
  Time since last request: 0.005655 seconds.
  path: Assets/Scripts/Coroutines (IEnumerator)
  artifactKey: Guid(c74aceb65fb6c474a8f923a89d295d79) Importer(815301076,1909f56bfc062723c751e8b465ee728b)
Start importing Assets/Scripts/Coroutines (IEnumerator) using Guid(c74aceb65fb6c474a8f923a89d295d79) Importer(815301076,1909f56bfc062723c751e8b465ee728b)  -> (artifact id: '1dfed2d59e94de34f40919648647fa77') in 0.001391 seconds
  Import took 0.003419 seconds .

========================================================================
Received Import Request.
  Time since last request: 26.652759 seconds.
  path: Assets/Scripts/Coroutines (IEnumerator)/ChallengeWasThatAMagicTrick.cs
  artifactKey: Guid(3ed4c305cb3e84d1a9c392f6b6b50bd9) Importer(815301076,1909f56bfc062723c751e8b465ee728b)
Start importing Assets/Scripts/Coroutines (IEnumerator)/ChallengeWasThatAMagicTrick.cs using Guid(3ed4c305cb3e84d1a9c392f6b6b50bd9) Importer(815301076,1909f56bfc062723c751e8b465ee728b)  -> (artifact id: 'd84af1b28fdbb44840481649a93c00db') in 2.796227 seconds
  Import took 2.807034 seconds .

========================================================================
Received Prepare
Registering precompiled user dll's ...
Registered in 0.003023 seconds.
Begin MonoManager ReloadAssembly
Native extension for OSXStandalone target not found
Native extension for WebGL target not found
Refreshing native plugins compatible for Editor in 0.50 ms, found 2 plugins.
Preloading 0 native plugins for Editor in 0.00 ms.
Mono: successfully reloaded assembly
- Completed reload, in  1.102 seconds
Platform modules already initialized, skipping
Refreshing native plugins compatible for Editor in 0.28 ms, found 2 plugins.
Preloading 0 native plugins for Editor in 0.00 ms.
Unloading 1397 Unused Serialized files (Serialized files now loaded: 0)
System memory in use before: 139.7 MB.
System memory in use after: 139.8 MB.

Unloading 13 unused Assets to reduce memory usage. Loaded Objects now: 1840.
Total: 2.494177 ms (FindLiveObjects: 0.167764 ms CreateObjectMapping: 0.047508 ms MarkObjects: 2.229729 ms  DeleteObjects: 0.046941 ms)

========================================================================
Received Import Request.
  Time since last request: 12.268423 seconds.
  path: Assets/Scripts/Coroutines (IEnumerator)/ChallengeColorChange.cs
  artifactKey: Guid(37f2f3ccd746c4ec296822a1063578bd) Importer(815301076,1909f56bfc062723c751e8b465ee728b)
Start importing Assets/Scripts/Coroutines (IEnumerator)/ChallengeColorChange.cs using Guid(37f2f3ccd746c4ec296822a1063578bd) Importer(815301076,1909f56bfc062723c751e8b465ee728b)  -> (artifact id: 'facf03b3119a1935ca102ce170a97d6f') in 0.007097 seconds
  Import took 0.009887 seconds .

========================================================================
Received Import Request.
  Time since last request: 0.131011 seconds.
  path: Assets/Scripts/Variables
  artifactKey: Guid(35db0e24e9fc54a04b9c985a1d510cc1) Importer(815301076,1909f56bfc062723c751e8b465ee728b)
Start importing Assets/Scripts/Variables using Guid(35db0e24e9fc54a04b9c985a1d510cc1) Importer(815301076,1909f56bfc062723c751e8b465ee728b)  -> (artifact id: 'e2e9a6df706b1af297dc4887b52bc0ea') in 0.000950 seconds
  Import took 0.003259 seconds .

========================================================================
Received Prepare
Registering precompiled user dll's ...
Registered in 0.002630 seconds.
Begin MonoManager ReloadAssembly
Native extension for OSXStandalone target not found
Native extension for WebGL target not found
Refreshing native plugins compatible for Editor in 0.27 ms, found 2 plugins.
Preloading 0 native plugins for Editor in 0.00 ms.
Mono: successfully reloaded assembly
- Completed reload, in  1.021 seconds
Platform modules already initialized, skipping
Refreshing native plugins compatible for Editor in 0.28 ms, found 2 plugins.
Preloading 0 native plugins for Editor in 0.00 ms.
Unloading 1398 Unused Serialized files (Serialized files now loaded: 0)
System memory in use before: 139.9 MB.
System memory in use after: 140.0 MB.

Unloading 13 unused Assets to reduce memory usage. Loaded Objects now: 1844.
Total: 1.577907 ms (FindLiveObjects: 0.139784 ms CreateObjectMapping: 0.049932 ms MarkObjects: 1.374827 ms  DeleteObjects: 0.012680 ms)

